<?xml version="1.0" encoding="UTF-8"?>
<!-- Generated by org.testng.reporters.JUnitXMLReporter -->
<testsuite ignored="0" hostname="DESKTOP-G17JFQ2" failures="0" tests="3" name="Default test" time="9.991" errors="0" timestamp="2020-12-25T02:23:46 GET">
  <testcase classname="AllureReports.Testtbc" name="domTest" time="0.979"/>
  <testcase classname="AllureReports.Testtbc" name="shiftTest" time="1.54"/>
  <testcase classname="AllureReports.Testtbc" name="uploadTest" time="1.385"/>
</testsuite> <!-- Default test -->
