<?xml version="1.0" encoding="UTF-8"?>
<testng-results ignored="0" total="3" passed="3" failed="0" skipped="0">
  <reporter-output>
  </reporter-output>
  <suite started-at="2020-12-25T02:27:24 GET" name="Suite" finished-at="2020-12-25T02:27:34 GET" duration-ms="10371">
    <groups>
    </groups>
    <test started-at="2020-12-25T02:27:24 GET" name="Test" finished-at="2020-12-25T02:27:34 GET" duration-ms="10371">
      <class name="AllureReports.Testtbc">
        <test-method is-config="true" signature="openBrowser()[pri:0, instance:AllureReports.Testtbc@5456afaa]" started-at="2020-12-25T02:27:24 GET" name="openBrowser" finished-at="2020-12-25T02:27:30 GET" duration-ms="6165" status="PASS">
          <reporter-output>
          </reporter-output>
        </test-method> <!-- openBrowser -->
        <test-method signature="domTest()[pri:0, instance:AllureReports.Testtbc@5456afaa]" started-at="2020-12-25T02:27:30 GET" name="domTest" finished-at="2020-12-25T02:27:31 GET" duration-ms="937" status="PASS">
          <reporter-output>
          </reporter-output>
        </test-method> <!-- domTest -->
        <test-method signature="shiftTest()[pri:0, instance:AllureReports.Testtbc@5456afaa]" started-at="2020-12-25T02:27:31 GET" name="shiftTest" finished-at="2020-12-25T02:27:32 GET" duration-ms="1505" status="PASS">
          <reporter-output>
          </reporter-output>
        </test-method> <!-- shiftTest -->
        <test-method signature="uploadTest()[pri:0, instance:AllureReports.Testtbc@5456afaa]" started-at="2020-12-25T02:27:32 GET" name="uploadTest" finished-at="2020-12-25T02:27:34 GET" duration-ms="1448" status="PASS">
          <reporter-output>
          </reporter-output>
        </test-method> <!-- uploadTest -->
        <test-method is-config="true" signature="closeBrowser()[pri:0, instance:AllureReports.Testtbc@5456afaa]" started-at="2020-12-25T02:27:34 GET" name="closeBrowser" finished-at="2020-12-25T02:27:34 GET" duration-ms="159" status="PASS">
          <reporter-output>
          </reporter-output>
        </test-method> <!-- closeBrowser -->
      </class> <!-- AllureReports.Testtbc -->
    </test> <!-- Test -->
  </suite> <!-- Suite -->
</testng-results>
