<?xml version="1.0" encoding="UTF-8"?>
<!-- Generated by org.testng.reporters.JUnitXMLReporter -->
<testsuite ignored="0" hostname="DESKTOP-G17JFQ2" failures="0" tests="3" name="Test" time="10.371" errors="0" timestamp="2020-12-25T02:27:34 GET">
  <testcase classname="AllureReports.Testtbc" name="domTest" time="0.937"/>
  <testcase classname="AllureReports.Testtbc" name="shiftTest" time="1.505"/>
  <testcase classname="AllureReports.Testtbc" name="uploadTest" time="1.448"/>
</testsuite> <!-- Test -->
